# JRE version: Java(TM) SE Runtime Environment (8.0_77-b03) (build 1.8.0_77-b03)
# Java VM: Java HotSpot(TM) Server VM (25.77-b03 mixed mode linux-x86 )
Heap:
 PSYoungGen      total 152320K, used 1223K [0x91ac0000, 0x9be00000, 0xa7000000)
  eden space 139520K, 0% used [0x91ac0000,0x91ac0000,0x9a300000)
  from space 12800K, 9% used [0x9a500000,0x9a631fa8,0x9b180000)
  to   space 9472K, 0% used [0x9b4c0000,0x9b4c0000,0x9be00000)
 ParOldGen       total 45056K, used 29395K [0x67000000, 0x69c00000, 0x91ac0000)
  object space 45056K, 65% used [0x67000000,0x68cb4ea0,0x69c00000)
 Metaspace       used 30501K, capacity 31064K, committed 31104K, reserved 32048K
GC Heap History (10 events):
Event: 17,733 GC heap after
Heap after GC invocations=12 (full 1):
 PSYoungGen      total 95744K, used 7172K [0x91ac0000, 0x995c0000, 0xa7000000)
  eden space 87040K, 0% used [0x91ac0000,0x91ac0000,0x96fc0000)
  from space 8704K, 82% used [0x96fc0000,0x976c1020,0x97840000)
  to   space 9472K, 0% used [0x98c80000,0x98c80000,0x995c0000)
 ParOldGen       total 24064K, used 13134K [0x67000000, 0x68780000, 0x91ac0000)
  object space 24064K, 54% used [0x67000000,0x67cd3888,0x68780000)
 Metaspace       used 21542K, capacity 21889K, committed 22016K, reserved 22832K
}
Event: 21,801 GC heap before
{Heap before GC invocations=13 (full 1):
 PSYoungGen      total 95744K, used 94212K [0x91ac0000, 0x995c0000, 0xa7000000)
  eden space 87040K, 100% used [0x91ac0000,0x96fc0000,0x96fc0000)
  from space 8704K, 82% used [0x96fc0000,0x976c1020,0x97840000)
  to   space 9472K, 0% used [0x98c80000,0x98c80000,0x995c0000)
 ParOldGen       total 24064K, used 13134K [0x67000000, 0x68780000, 0x91ac0000)
  object space 24064K, 54% used [0x67000000,0x67cd3888,0x68780000)
 Metaspace       used 26110K, capacity 26510K, committed 26624K, reserved 26928K
Event: 21,858 GC heap after
Heap after GC invocations=13 (full 1):
 PSYoungGen      total 113408K, used 9466K [0x91ac0000, 0x9a6c0000, 0xa7000000)
  eden space 103936K, 0% used [0x91ac0000,0x91ac0000,0x98040000)
  from space 9472K, 99% used [0x98c80000,0x995bebc8,0x995c0000)
  to   space 12544K, 0% used [0x98040000,0x98040000,0x98c80000)
 ParOldGen       total 24064K, used 17591K [0x67000000, 0x68780000, 0x91ac0000)
  object space 24064K, 73% used [0x67000000,0x6812dd40,0x68780000)
 Metaspace       used 26110K, capacity 26510K, committed 26624K, reserved 26928K
}
Event: 22,728 GC heap before
{Heap before GC invocations=14 (full 1):
 PSYoungGen      total 113408K, used 43834K [0x91ac0000, 0x9a6c0000, 0xa7000000)
  eden space 103936K, 33% used [0x91ac0000,0x93c4ff18,0x98040000)
  from space 9472K, 99% used [0x98c80000,0x995bebc8,0x995c0000)
  to   space 12544K, 0% used [0x98040000,0x98040000,0x98c80000)
 ParOldGen       total 24064K, used 17591K [0x67000000, 0x68780000, 0x91ac0000)
  object space 24064K, 73% used [0x67000000,0x6812dd40,0x68780000)
 Metaspace       used 26892K, capacity 27294K, committed 27308K, reserved 27952K
Event: 22,760 GC heap after
Heap after GC invocations=14 (full 1):
 PSYoungGen      total 116480K, used 3624K [0x91ac0000, 0x9c080000, 0xa7000000)
  eden space 103936K, 0% used [0x91ac0000,0x91ac0000,0x98040000)
  from space 12544K, 28% used [0x98040000,0x983ca160,0x98c80000)
  to   space 12032K, 0% used [0x9b4c0000,0x9b4c0000,0x9c080000)
 ParOldGen       total 25856K, used 25517K [0x67000000, 0x68940000, 0x91ac0000)
  object space 25856K, 98% used [0x67000000,0x688eb4b0,0x68940000)
 Metaspace       used 26892K, capacity 27294K, committed 27308K, reserved 27952K
}
Event: 22,760 GC heap before
{Heap before GC invocations=15 (full 2):
 PSYoungGen      total 116480K, used 3624K [0x91ac0000, 0x9c080000, 0xa7000000)
  eden space 103936K, 0% used [0x91ac0000,0x91ac0000,0x98040000)
  from space 12544K, 28% used [0x98040000,0x983ca160,0x98c80000)
  to   space 12032K, 0% used [0x9b4c0000,0x9b4c0000,0x9c080000)
 ParOldGen       total 25856K, used 25517K [0x67000000, 0x68940000, 0x91ac0000)
  object space 25856K, 98% used [0x67000000,0x688eb4b0,0x68940000)
 Metaspace       used 26892K, capacity 27294K, committed 27308K, reserved 27952K
Event: 22,952 GC heap after
Heap after GC invocations=15 (full 2):
 PSYoungGen      total 116480K, used 0K [0x91ac0000, 0x9c080000, 0xa7000000)
  eden space 103936K, 0% used [0x91ac0000,0x91ac0000,0x98040000)
  from space 12544K, 0% used [0x98040000,0x98040000,0x98c80000)
  to   space 12032K, 0% used [0x9b4c0000,0x9b4c0000,0x9c080000)
 ParOldGen       total 45056K, used 24427K [0x67000000, 0x69c00000, 0x91ac0000)
  object space 45056K, 54% used [0x67000000,0x687dad60,0x69c00000)
 Metaspace       used 26892K, capacity 27294K, committed 27308K, reserved 27952K
}
Event: 27,974 GC heap before
{Heap before GC invocations=16 (full 2):
 PSYoungGen      total 116480K, used 103936K [0x91ac0000, 0x9c080000, 0xa7000000)
  eden space 103936K, 100% used [0x91ac0000,0x98040000,0x98040000)
  from space 12544K, 0% used [0x98040000,0x98040000,0x98c80000)
  to   space 12032K, 0% used [0x9b4c0000,0x9b4c0000,0x9c080000)
 ParOldGen       total 45056K, used 24427K [0x67000000, 0x69c00000, 0x91ac0000)
  object space 45056K, 54% used [0x67000000,0x687dad60,0x69c00000)
 Metaspace       used 29940K, capacity 30488K, committed 30592K, reserved 31024K
Event: 28,027 GC heap after
Heap after GC invocations=16 (full 2):
 PSYoungGen      total 148992K, used 9236K [0x91ac0000, 0x9be00000, 0xa7000000)
  eden space 139520K, 0% used [0x91ac0000,0x91ac0000,0x9a300000)
  from space 9472K, 97% used [0x9b4c0000,0x9bdc5368,0x9be00000)
  to   space 12800K, 0% used [0x9a500000,0x9a500000,0x9b180000)
 ParOldGen       total 45056K, used 24431K [0x67000000, 0x69c00000, 0x91ac0000)
  object space 45056K, 54% used [0x67000000,0x687dbd60,0x69c00000)
 Metaspace       used 29940K, capacity 30488K, committed 30592K, reserved 31024K
}
Event: 31,429 GC heap before
{Heap before GC invocations=17 (full 2):
 PSYoungGen      total 148992K, used 148756K [0x91ac0000, 0x9be00000, 0xa7000000)
  eden space 139520K, 100% used [0x91ac0000,0x9a300000,0x9a300000)
  from space 9472K, 97% used [0x9b4c0000,0x9bdc5368,0x9be00000)
  to   space 12800K, 0% used [0x9a500000,0x9a500000,0x9b180000)
 ParOldGen       total 45056K, used 24431K [0x67000000, 0x69c00000, 0x91ac0000)
  object space 45056K, 54% used [0x67000000,0x687dbd60,0x69c00000)
 Metaspace       used 30501K, capacity 31064K, committed 31104K, reserved 32048K

